{"logTime": "0310/143137", "correlationVector":"1qajPKaXs5465vLn5IvXEr.1","action":"SyncServerConnectionManagerRequest", "result":"SYNC_SERVER_OK", "context":{"environment":"Prod_WestEurope_x00e", "migrationStage":"NotStarted", "server":"GENERAL02000004"}}
{"logTime": "0310/143137", "correlationVector":"1qajPKaXs5465vLn5IvXEr","action":"Initial GetUpdates", "result":"", "context":Reason: NEW_CLIENT. cV=1qajPKaXs5465vLn5IvXEr}
{"logTime": "0310/143137", "correlationVector":"1qajPKaXs5465vLn5IvXEr.2","action":"GetUpdates Response", "result":"SYNCER_OK", "context":Received 1 update(s). cV=1qajPKaXs5465vLn5IvXEr.0;server=GENERAL02000004;cloudType=Consumer;environment=Prod_WestEurope_x00e;migrationStage=NotStarted}
{"logTime": "0310/143142", "correlationVector":"X+9Bm0L+R2UVlB8aT/Fn06","action":"Initial GetUpdates", "result":"", "context":Reason: NEW_CLIENT. cV=X+9Bm0L+R2UVlB8aT/Fn06}
{"logTime": "0310/143145", "correlationVector":"X+9Bm0L+R2UVlB8aT/Fn06.1","action":"SyncServerConnectionManagerRequest", "result":"SYNC_SERVER_OK", "context":{"environment":"Prod_WestEurope_000l", "migrationStage":"NotStarted", "server":"GENERAL0100000Z"}}
{"logTime": "0310/143145", "correlationVector":"X+9Bm0L+R2UVlB8aT/Fn06.2","action":"GetUpdates Response", "result":"SYNCER_OK", "context":Received 11 update(s). cV=X+9Bm0L+R2UVlB8aT/Fn06.0;server=GENERAL0100000Z;cloudType=Consumer;environment=Prod_WestEurope_000l;migrationStage=NotStarted}
{"logTime": "0310/143145", "correlationVector":"AU0aJTU5EPofwLGe1moiYM","action":"Normal GetUpdate request", "result":"", "context":cV=AU0aJTU5EPofwLGe1moiYM
Nudged types: Device Info, User Consents
Refresh requested types: Device Info, User Consents, Send Tab To Self, Encryption Keys}
{"logTime": "0310/143145", "correlationVector":"AU0aJTU5EPofwLGe1moiYM.1","action":"SyncServerConnectionManagerRequest", "result":"SYNC_SERVER_OK", "context":{"environment":"Prod_WestEurope_000l", "migrationStage":"NotStarted", "server":"general01000017"}}
{"logTime": "0310/143145", "correlationVector":"AU0aJTU5EPofwLGe1moiYM.2","action":"GetUpdates Response", "result":"SYNCER_OK", "context":Received 0 update(s). cV=AU0aJTU5EPofwLGe1moiYM.0;server=general01000017;cloudType=Consumer;environment=Prod_WestEurope_000l;migrationStage=NotStarted}
{"logTime": "0310/143145", "correlationVector":"UXYQPnLoRwGw7Dz1AGKMIE","action":"Commit Request", "result":"", "context":Item count: 2
Contributing types: Device Info, User Consents}
{"logTime": "0310/143146", "correlationVector":"UXYQPnLoRwGw7Dz1AGKMIE.1","action":"SyncServerConnectionManagerRequest", "result":"SYNC_SERVER_OK", "context":{"environment":"Prod_WestEurope_000l", "migrationStage":"NotStarted", "server":"GENERAL0100001A"}}
{"logTime": "0310/143146", "correlationVector":"UXYQPnLoRwGw7Dz1AGKMIE.2","action":"Commit Response", "result":"SYNCER_OK", "context":Result: SYNCER_OK. cV=UXYQPnLoRwGw7Dz1AGKMIE.0;server=GENERAL0100001A;cloudType=Consumer;environment=Prod_WestEurope_000l;migrationStage=NotStarted}
{"logTime": "0310/143634", "correlationVector":"quaxvBA26c0I6TgDF1O03H","action":"SyncServerConnectionManagerRequest", "result":"SYNC_SERVER_ERROR", "context":{"environment":"", "error_type":"http_status_code", "error_value":"400", "migrationStage":"", "server":""}}
{"logTime": "0310/143634", "correlationVector":"BXSWUgD8wL+NnbqCwnzK7L","action":"Normal GetUpdate request", "result":"", "context":cV=BXSWUgD8wL+NnbqCwnzK7L
Refresh requested types: Device Info, User Consents, Send Tab To Self, Encryption Keys}
{"logTime": "0310/143634", "correlationVector":"","action":"AccessTokenFetched", "result":"Same stale AccessToken is retrieved (will retry) for EdgeSyncScopeNew"}
{"logTime": "0310/143634", "correlationVector":"","action":"CredentialsChanged", "result":"Empty token for EdgeSyncScopeNew"}
{"logTime": "0310/143637", "correlationVector":"BXSWUgD8wL+NnbqCwnzK7L.1","action":"SyncServerConnectionManagerRequest", "result":"SYNC_SERVER_OK", "context":{"environment":"Prod_WestEurope_x00e", "migrationStage":"NotStarted", "server":"GENERAL0200002Z"}}
{"logTime": "0310/143637", "correlationVector":"BXSWUgD8wL+NnbqCwnzK7L.2","action":"GetUpdates Response", "result":"SYNCER_OK", "context":Received 1 update(s). cV=BXSWUgD8wL+NnbqCwnzK7L.0;server=GENERAL0200002Z;cloudType=Consumer;environment=Prod_WestEurope_x00e;migrationStage=NotStarted}
{"logTime": "0310/144107", "correlationVector":"jyIGfparrjp96LHLHqXru4.1","action":"SyncServerConnectionManagerRequest", "result":"SYNC_SERVER_OK", "context":{"environment":"Prod_WestEurope_000l", "migrationStage":"NotStarted", "server":"GENERAL01000020"}}
{"logTime": "0310/144107", "correlationVector":"jyIGfparrjp96LHLHqXru4","action":"Initial GetUpdates", "result":"", "context":Reason: NEW_CLIENT. cV=jyIGfparrjp96LHLHqXru4}
{"logTime": "0310/144107", "correlationVector":"jyIGfparrjp96LHLHqXru4.2","action":"GetUpdates Response", "result":"SYNCER_OK", "context":Received 1 update(s). cV=jyIGfparrjp96LHLHqXru4.0;server=GENERAL01000020;cloudType=Consumer;environment=Prod_WestEurope_000l;migrationStage=NotStarted}
{"logTime": "0310/144107", "correlationVector":"d9LI9pD4JMFCqG1temnI6b","action":"Normal GetUpdate request", "result":"", "context":cV=d9LI9pD4JMFCqG1temnI6b
Refresh requested types: Device Info, User Consents, Send Tab To Self, Encryption Keys}
{"logTime": "0310/144107", "correlationVector":"d9LI9pD4JMFCqG1temnI6b.1","action":"SyncServerConnectionManagerRequest", "result":"SYNC_SERVER_OK", "context":{"environment":"Prod_WestEurope_000l", "migrationStage":"NotStarted", "server":"GENERAL01000010"}}
{"logTime": "0310/144107", "correlationVector":"d9LI9pD4JMFCqG1temnI6b.2","action":"GetUpdates Response", "result":"SYNCER_OK", "context":Received 0 update(s). cV=d9LI9pD4JMFCqG1temnI6b.0;server=GENERAL01000010;cloudType=Consumer;environment=Prod_WestEurope_000l;migrationStage=NotStarted}
{"logTime": "0310/144110", "correlationVector":"1oY1ovdh+9MldHGzBo3oAp","action":"Initial GetUpdates", "result":"", "context":Reason: RECONFIGURATION. cV=1oY1ovdh+9MldHGzBo3oAp}
{"logTime": "0310/144114", "correlationVector":"1oY1ovdh+9MldHGzBo3oAp.1","action":"SyncServerConnectionManagerRequest", "result":"SYNC_SERVER_OK", "context":{"environment":"Prod_WestEurope_000l", "migrationStage":"NotStarted", "server":"GENERAL01000025"}}
{"logTime": "0310/144114", "correlationVector":"1oY1ovdh+9MldHGzBo3oAp.2","action":"GetUpdates", "result":"DeleteReceived", "context":{"id":"3e6f00b1-6c20-4d3a-a0ee-7d1f7bc7ff10", "isDeleted:":"true", "version":"1705230586775"}}
{"logTime": "0310/144114", "correlationVector":"1oY1ovdh+9MldHGzBo3oAp.3","action":"GetUpdates", "result":"DeleteReceived", "context":{"id":"6ad303bf-9e94-497c-b6f6-2abe7e5685bd", "isDeleted:":"true", "version":"1695070826859"}}
{"logTime": "0310/144114", "correlationVector":"1oY1ovdh+9MldHGzBo3oAp.4","action":"GetUpdates Response", "result":"SYNCER_OK", "context":Received 134 update(s). cV=1oY1ovdh+9MldHGzBo3oAp.0;server=GENERAL01000025;cloudType=Consumer;environment=Prod_WestEurope_000l;migrationStage=NotStarted}
{"logTime": "0310/144114", "correlationVector":"BhAUXlh7d/P7ryxptveNwq","action":"Initial GetUpdates", "result":"", "context":Reason: RECONFIGURATION. cV=BhAUXlh7d/P7ryxptveNwq}
{"logTime": "0310/144114", "correlationVector":"BhAUXlh7d/P7ryxptveNwq.1","action":"SyncServerConnectionManagerRequest", "result":"SYNC_SERVER_OK", "context":{"environment":"Prod_WestEurope_000l", "migrationStage":"NotStarted", "server":"GENERAL0100000U"}}
{"logTime": "0310/144114", "correlationVector":"BhAUXlh7d/P7ryxptveNwq.2","action":"GetUpdates Response", "result":"SYNCER_OK", "context":Received 116 update(s). cV=BhAUXlh7d/P7ryxptveNwq.0;server=GENERAL0100000U;cloudType=Consumer;environment=Prod_WestEurope_000l;migrationStage=NotStarted}
{"logTime": "0310/144115", "correlationVector":"Mi7PD7/9/4OKIcmVwnMfKr","action":"SyncServerConnectionManagerRequest", "result":"SYNC_SERVER_OK", "context":{"environment":"", "migrationStage":"", "server":""}}
{"logTime": "0310/144115", "correlationVector":"yPP3edWe6IY7BZRRx92B8A","action":"Initial GetUpdates", "result":"", "context":Reason: RECONFIGURATION. cV=yPP3edWe6IY7BZRRx92B8A}
{"logTime": "0310/144115", "correlationVector":"yPP3edWe6IY7BZRRx92B8A.1","action":"SyncServerConnectionManagerRequest", "result":"SYNC_SERVER_OK", "context":{"environment":"Prod_WestEurope_000l", "migrationStage":"NotStarted", "server":"GENERAL01000013"}}
{"logTime": "0310/144115", "correlationVector":"yPP3edWe6IY7BZRRx92B8A.2","action":"GetUpdates Response", "result":"SERVER_MORE_TO_DOWNLOAD", "context":Received 250 update(s).  Some updates remain.}
{"logTime": "0310/144115", "correlationVector":"u4YyIYIy88TbGqphMdlso4","action":"Initial GetUpdates", "result":"", "context":Reason: RECONFIGURATION. cV=u4YyIYIy88TbGqphMdlso4}
{"logTime": "0310/144116", "correlationVector":"u4YyIYIy88TbGqphMdlso4.1","action":"SyncServerConnectionManagerRequest", "result":"SYNC_SERVER_OK", "context":{"environment":"Prod_WestEurope_000l", "migrationStage":"NotStarted", "server":"GENERAL01000024"}}
{"logTime": "0310/144116", "correlationVector":"u4YyIYIy88TbGqphMdlso4.2","action":"GetUpdates", "result":"DeleteReceived", "context":{"id":"e53fa4a3-bb72-4552-86b2-ee21f12d4697", "isDeleted:":"true", "version":"1705833279871"}}
{"logTime": "0310/144116", "correlationVector":"u4YyIYIy88TbGqphMdlso4.3","action":"GetUpdates", "result":"DeleteReceived", "context":{"id":"464f8ed0-e395-4721-8ffa-9b6c3ea39a10", "isDeleted:":"true", "version":"1703668161334"}}
{"logTime": "0310/144116", "correlationVector":"u4YyIYIy88TbGqphMdlso4.4","action":"GetUpdates", "result":"DeleteReceived", "context":{"id":"844d7743-873d-487a-a1dc-d9fdda4a322a", "isDeleted:":"true", "version":"1703929621244"}}
{"logTime": "0310/144116", "correlationVector":"u4YyIYIy88TbGqphMdlso4.5","action":"GetUpdates", "result":"DeleteReceived", "context":{"id":"09be020a-8cd4-4139-818b-a970e8d6fd84", "isDeleted:":"true", "version":"1703929722007"}}
{"logTime": "0310/144116", "correlationVector":"u4YyIYIy88TbGqphMdlso4.6","action":"GetUpdates", "result":"DeleteReceived", "context":{"id":"6270e15b-9b42-4be4-9061-44982e6ba728", "isDeleted:":"true", "version":"1703931279374"}}
{"logTime": "0310/144116", "correlationVector":"u4YyIYIy88TbGqphMdlso4.7","action":"GetUpdates", "result":"DeleteReceived", "context":{"id":"6a089366-7a06-4f33-9934-3feff1cd8da8", "isDeleted:":"true", "version":"1703931822182"}}
{"logTime": "0310/144116", "correlationVector":"u4YyIYIy88TbGqphMdlso4.8","action":"GetUpdates", "result":"DeleteReceived", "context":{"id":"df44d1d5-3b82-4653-ab9f-45d813c0e15a", "isDeleted:":"true", "version":"1703931893339"}}
{"logTime": "0310/144116", "correlationVector":"u4YyIYIy88TbGqphMdlso4.9","action":"GetUpdates", "result":"DeleteReceived", "context":{"id":"2b2e518f-dfdf-40ca-ad49-f1a83f8bc373", "isDeleted:":"true", "version":"1703932156791"}}
{"logTime": "0310/144116", "correlationVector":"u4YyIYIy88TbGqphMdlso4.10","action":"GetUpdates", "result":"DeleteReceived", "context":{"id":"87b5fc02-d157-49aa-86ed-c2f993f0ede2", "isDeleted:":"true", "version":"1703932188253"}}
{"logTime": "0310/144116", "correlationVector":"u4YyIYIy88TbGqphMdlso4.11","action":"GetUpdates", "result":"DeleteReceived", "context":{"id":"2e4e0468-8dba-4a85-9b4c-c956fcc0f333", "isDeleted:":"true", "version":"1703933724791"}}
{"logTime": "0310/144116", "correlationVector":"u4YyIYIy88TbGqphMdlso4.12","action":"GetUpdates", "result":"DeleteReceived", "context":{"id":"36674f62-c22c-4968-80fd-f5b440ddda8f", "isDeleted:":"true", "version":"1704037629018"}}
{"logTime": "0310/144116", "correlationVector":"u4YyIYIy88TbGqphMdlso4.13","action":"GetUpdates", "result":"DeleteReceived", "context":{"id":"909f8222-de34-4042-a0cd-211fe0d4cb9c", "isDeleted:":"true", "version":"1705249212833"}}
{"logTime": "0310/144116", "correlationVector":"u4YyIYIy88TbGqphMdlso4.14","action":"GetUpdates", "result":"DeleteReceived", "context":{"id":"bf56d682-f79b-4221-b260-1c26271c001a", "isDeleted:":"true", "version":"1705249212834"}}
{"logTime": "0310/144116", "correlationVector":"u4YyIYIy88TbGqphMdlso4.15","action":"GetUpdates", "result":"DeleteReceived", "context":{"id":"d914593f-dc57-43cd-abc5-2c9e00984c42", "isDeleted:":"true", "version":"1705344014185"}}
{"logTime": "0310/144116", "correlationVector":"u4YyIYIy88TbGqphMdlso4.16","action":"GetUpdates", "result":"DeleteReceived", "context":{"id":"d8a353a8-6242-4639-8d77-3137a036d36c", "isDeleted:":"true", "version":"1706044339530"}}
{"logTime": "0310/144116", "correlationVector":"u4YyIYIy88TbGqphMdlso4.17","action":"GetUpdates", "result":"DeleteReceived", "context":{"id":"f2d3a73d-d045-4d23-af23-905eae34c70e", "isDeleted:":"true", "version":"1707596193379"}}
{"logTime": "0310/144116", "correlationVector":"u4YyIYIy88TbGqphMdlso4.18","action":"GetUpdates", "result":"DeleteReceived", "context":{"id":"2fab8a1f-fdf5-4e7f-9941-c9210108fe02", "isDeleted:":"true", "version":"1709734550389"}}
{"logTime": "0310/144116", "correlationVector":"u4YyIYIy88TbGqphMdlso4.19","action":"GetUpdates", "result":"DeleteReceived", "context":{"id":"64fec0f4-6076-41e4-994d-fd91cbaab2cb", "isDeleted:":"true", "version":"1709735243129"}}
{"logTime": "0310/144116", "correlationVector":"u4YyIYIy88TbGqphMdlso4.20","action":"GetUpdates", "result":"DeleteReceived", "context":{"id":"f0a5370a-2541-46a1-8d92-10ffb6b0fe7d", "isDeleted:":"true", "version":"1710055958388"}}
{"logTime": "0310/144116", "correlationVector":"u4YyIYIy88TbGqphMdlso4.21","action":"GetUpdates", "result":"DeleteReceived", "context":{"id":"8fef87e7-f55a-4e2d-aa6a-2b6d1870bce5", "isDeleted:":"true", "version":"1710056518637"}}
{"logTime": "0310/144116", "correlationVector":"u4YyIYIy88TbGqphMdlso4.22","action":"GetUpdates", "result":"DeleteReceived", "context":{"id":"1c7977f7-41f4-43a7-be38-05b8c58cb94e", "isDeleted:":"true", "version":"1710057048024"}}
{"logTime": "0310/144116", "correlationVector":"u4YyIYIy88TbGqphMdlso4.23","action":"GetUpdates", "result":"DeleteReceived", "context":{"id":"3c679c51-9f4d-4503-a59b-f16a07ae145c", "isDeleted:":"true", "version":"1710058120777"}}
{"logTime": "0310/144116", "correlationVector":"u4YyIYIy88TbGqphMdlso4.24","action":"GetUpdates", "result":"DeleteReceived", "context":{"id":"f9c41951-d8c3-45df-8a5e-b0f4b506d57c", "isDeleted:":"true", "version":"1710059026714"}}
{"logTime": "0310/144116", "correlationVector":"u4YyIYIy88TbGqphMdlso4.25","action":"GetUpdates", "result":"DeleteReceived", "context":{"id":"a4e477e5-f746-484c-9514-6b9aed9af788", "isDeleted:":"true", "version":"1710059404024"}}
{"logTime": "0310/144116", "correlationVector":"u4YyIYIy88TbGqphMdlso4.26","action":"GetUpdates", "result":"DeleteReceived", "context":{"id":"809244fa-41a6-4c15-811f-93a35f0119ca", "isDeleted:":"true", "version":"1710059631033"}}
{"logTime": "0310/144116", "correlationVector":"u4YyIYIy88TbGqphMdlso4.27","action":"GetUpdates", "result":"DeleteReceived", "context":{"id":"076431d4-0b71-481d-9872-ab5a59d51c48", "isDeleted:":"true", "version":"1710060272994"}}
{"logTime": "0310/144116", "correlationVector":"u4YyIYIy88TbGqphMdlso4.28","action":"GetUpdates", "result":"DeleteReceived", "context":{"id":"860aebc6-a89a-4f6c-ae57-61847d991d3c", "isDeleted:":"true", "version":"1710060401901"}}
{"logTime": "0310/144116", "correlationVector":"u4YyIYIy88TbGqphMdlso4.29","action":"GetUpdates", "result":"DeleteReceived", "context":{"id":"06baf127-9caf-4288-b1e0-0f948a57f989", "isDeleted:":"true", "version":"1710061095217"}}
{"logTime": "0310/144116", "correlationVector":"u4YyIYIy88TbGqphMdlso4.30","action":"GetUpdates", "result":"DeleteReceived", "context":{"id":"d04a9dc5-8ccc-4ae1-b812-635a18907f14", "isDeleted:":"true", "version":"1710061167083"}}
{"logTime": "0310/144116", "correlationVector":"u4YyIYIy88TbGqphMdlso4.31","action":"GetUpdates", "result":"DeleteReceived", "context":{"id":"c5390ec6-db46-461d-ae82-c9175000f83d", "isDeleted:":"true", "version":"1710061229476"}}
{"logTime": "0310/144116", "correlationVector":"u4YyIYIy88TbGqphMdlso4.32","action":"GetUpdates", "result":"DeleteReceived", "context":{"id":"a3d38bfe-b489-4f75-a1a7-62ba5fc4d7e4", "isDeleted:":"true", "version":"1710061591484"}}
{"logTime": "0310/144116", "correlationVector":"u4YyIYIy88TbGqphMdlso4.33","action":"GetUpdates", "result":"DeleteReceived", "context":{"id":"f3bb20be-2379-4648-bd89-5ac1a69dc5a7", "isDeleted:":"true", "version":"1710064240926"}}
{"logTime": "0310/144116", "correlationVector":"u4YyIYIy88TbGqphMdlso4.34","action":"GetUpdates", "result":"DeleteReceived", "context":{"id":"5dfd4fc3-a3a7-4336-bfc8-1e9540c193ca", "isDeleted:":"true", "version":"1710064240927"}}
{"logTime": "0310/144116", "correlationVector":"u4YyIYIy88TbGqphMdlso4.35","action":"GetUpdates", "result":"DeleteReceived", "context":{"id":"2dc74753-2ebd-4b94-9f53-113cf804a947", "isDeleted:":"true", "version":"1710064341166"}}
{"logTime": "0310/144116", "correlationVector":"u4YyIYIy88TbGqphMdlso4.36","action":"GetUpdates", "result":"DeleteReceived", "context":{"id":"5b95a2df-1188-461b-81a2-ba36fc253f11", "isDeleted:":"true", "version":"1710064341169"}}
{"logTime": "0310/144116", "correlationVector":"u4YyIYIy88TbGqphMdlso4.37","action":"GetUpdates", "result":"DeleteReceived", "context":{"id":"7fb2eacd-64f9-4285-873e-a9759b4f7399", "isDeleted:":"true", "version":"1710064341170"}}
{"logTime": "0310/144116", "correlationVector":"u4YyIYIy88TbGqphMdlso4.38","action":"GetUpdates", "result":"DeleteReceived", "context":{"id":"847f5f90-5b34-431c-ba93-ff6ee8a6b5d0", "isDeleted:":"true", "version":"1710064735355"}}
{"logTime": "0310/144116", "correlationVector":"u4YyIYIy88TbGqphMdlso4.39","action":"GetUpdates", "result":"DeleteReceived", "context":{"id":"70ab21e9-664e-4303-a60f-1ba688de6990", "isDeleted:":"true", "version":"1710064880788"}}
{"logTime": "0310/144116", "correlationVector":"u4YyIYIy88TbGqphMdlso4.40","action":"GetUpdates", "result":"DeleteReceived", "context":{"id":"82ac0ded-4041-425d-a49f-07084bc5f857", "isDeleted:":"true", "version":"1710065358007"}}
{"logTime": "0310/144116", "correlationVector":"u4YyIYIy88TbGqphMdlso4.41","action":"GetUpdates", "result":"DeleteReceived", "context":{"id":"7d5337e8-aeba-4784-9918-adf9fb13314e", "isDeleted:":"true", "version":"1710065780133"}}
{"logTime": "0310/144116", "correlationVector":"u4YyIYIy88TbGqphMdlso4.42","action":"GetUpdates", "result":"DeleteReceived", "context":{"id":"d343fef6-59e4-42c9-b0c8-5aafed8c6303", "isDeleted:":"true", "version":"1710065924744"}}
{"logTime": "0310/144116", "correlationVector":"u4YyIYIy88TbGqphMdlso4.43","action":"GetUpdates", "result":"DeleteReceived", "context":{"id":"ee3a4b00-7112-462c-a382-9de74a8f595c", "isDeleted:":"true", "version":"1710066019690"}}
{"logTime": "0310/144116", "correlationVector":"u4YyIYIy88TbGqphMdlso4.44","action":"GetUpdates", "result":"DeleteReceived", "context":{"id":"565ab145-0e52-409a-9116-b55d341194c1", "isDeleted:":"true", "version":"1710066523295"}}
{"logTime": "0310/144116", "correlationVector":"u4YyIYIy88TbGqphMdlso4.45","action":"GetUpdates", "result":"DeleteReceived", "context":{"id":"f495414b-0996-446d-9097-7e0080503084", "isDeleted:":"true", "version":"1710067226452"}}
{"logTime": "0310/144116", "correlationVector":"u4YyIYIy88TbGqphMdlso4.46","action":"GetUpdates", "result":"DeleteReceived", "context":{"id":"caff632c-ff6f-4e26-80bb-d5389956ada8", "isDeleted:":"true", "version":"1710068019349"}}
{"logTime": "0310/144116", "correlationVector":"u4YyIYIy88TbGqphMdlso4.47","action":"GetUpdates", "result":"DeleteReceived", "context":{"id":"b225bb26-1b68-4a51-9478-eac08d2f3793", "isDeleted:":"true", "version":"1710068423930"}}
{"logTime": "0310/144116", "correlationVector":"u4YyIYIy88TbGqphMdlso4.48","action":"GetUpdates", "result":"DeleteReceived", "context":{"id":"3582cb53-57e4-4551-826d-62f5f1629e87", "isDeleted:":"true", "version":"1710069140634"}}
{"logTime": "0310/144116", "correlationVector":"u4YyIYIy88TbGqphMdlso4.49","action":"GetUpdates", "result":"DeleteReceived", "context":{"id":"1278c1b4-5177-42e1-a306-df8c0b0d32da", "isDeleted:":"true", "version":"1710076487447"}}
{"logTime": "0310/144116", "correlationVector":"u4YyIYIy88TbGqphMdlso4.50","action":"GetUpdates", "result":"DeleteReceived", "context":{"id":"bc399286-73ea-4ef1-b535-12bf727cddb1", "isDeleted:":"true", "version":"1710076762810"}}
{"logTime": "0310/144116", "correlationVector":"u4YyIYIy88TbGqphMdlso4.51","action":"GetUpdates", "result":"DeleteReceived", "context":{"id":"40d991b5-ce50-4384-a069-e471cad9369d", "isDeleted:":"true", "version":"1710076947481"}}
{"logTime": "0310/144116", "correlationVector":"u4YyIYIy88TbGqphMdlso4.52","action":"GetUpdates", "result":"DeleteReceived", "context":{"id":"2d36d204-5705-45b8-a243-f7b784d7bb75", "isDeleted:":"true", "version":"1710077930896"}}
{"logTime": "0310/144116", "correlationVector":"u4YyIYIy88TbGqphMdlso4.53","action":"GetUpdates", "result":"DeleteReceived", "context":{"id":"5d55d132-304c-4e13-b853-f09db0c1bc23", "isDeleted:":"true", "version":"1710078140807"}}
{"logTime": "0310/144116", "correlationVector":"u4YyIYIy88TbGqphMdlso4.54","action":"GetUpdates", "result":"DeleteReceived", "context":{"id":"5782fa7c-c986-42ed-b7bc-177f491c6d84", "isDeleted:":"true", "version":"1710078816461"}}
{"logTime": "0310/144116", "correlationVector":"u4YyIYIy88TbGqphMdlso4.55","action":"GetUpdates", "result":"DeleteReceived", "context":{"id":"29f14f2b-7ea5-4b9d-b29b-6f79ad6033c9", "isDeleted:":"true", "version":"1710080876182"}}
{"logTime": "0310/144116", "correlationVector":"u4YyIYIy88TbGqphMdlso4.56","action":"GetUpdates Response", "result":"SYNCER_OK", "context":Received 78 update(s). cV=u4YyIYIy88TbGqphMdlso4.0;server=GENERAL01000024;cloudType=Consumer;environment=Prod_WestEurope_000l;migrationStage=NotStarted}
{"logTime": "0310/144116", "correlationVector":"+h4G2h3B1SC7YFE3mA8CdF","action":"Normal GetUpdate request", "result":"", "context":cV=+h4G2h3B1SC7YFE3mA8CdF
Nudged types: Preferences, Passwords, Typed URLs, Sessions, Device Info
Refresh requested types: Bookmarks, Preferences, Passwords, Autofill Profiles, Autofill, Typed URLs, Extensions, Sessions, Extension settings, History Delete Directives, Device Info, User Consents, Send Tab To Self, Web Apps, Collection, Edge E Drop, Edge Hub App Usage, Edge Wallet, Encryption Keys}
{"logTime": "0310/144116", "correlationVector":"+h4G2h3B1SC7YFE3mA8CdF.1","action":"SyncServerConnectionManagerRequest", "result":"SYNC_SERVER_OK", "context":{"environment":"Prod_WestEurope_000l", "migrationStage":"NotStarted", "server":"general01000017"}}
{"logTime": "0310/144116", "correlationVector":"+h4G2h3B1SC7YFE3mA8CdF.2","action":"GetUpdates Response", "result":"SYNCER_OK", "context":Received 0 update(s). cV=+h4G2h3B1SC7YFE3mA8CdF.0;server=general01000017;cloudType=Consumer;environment=Prod_WestEurope_000l;migrationStage=NotStarted}
{"logTime": "0310/144116", "correlationVector":"fze0AF+smv7zrTwVtzwkUc","action":"Commit Request", "result":"", "context":Item count: 6
Contributing types: Preferences, Passwords, Typed URLs, Sessions, Device Info}
{"logTime": "0310/144117", "correlationVector":"fze0AF+smv7zrTwVtzwkUc.1","action":"SyncServerConnectionManagerRequest", "result":"SYNC_SERVER_OK", "context":{"environment":"Prod_WestEurope_000l", "migrationStage":"NotStarted", "server":"GENERAL0100000N"}}
{"logTime": "0310/144117", "correlationVector":"fze0AF+smv7zrTwVtzwkUc.2","action":"Commit Response", "result":"SYNCER_OK", "context":Result: SYNCER_OK. cV=fze0AF+smv7zrTwVtzwkUc.0;server=GENERAL0100000N;cloudType=Consumer;environment=Prod_WestEurope_000l;migrationStage=NotStarted}
{"logTime": "0310/144131", "correlationVector":"J7+dNfQAUeLGHegzvjpA++","action":"Commit Request", "result":"", "context":Item count: 1
Contributing types: Preferences}
{"logTime": "0310/144141", "correlationVector":"J7+dNfQAUeLGHegzvjpA++.1","action":"SyncServerConnectionManagerRequest", "result":"SYNC_SERVER_OK", "context":{"environment":"Prod_WestEurope_x00e", "migrationStage":"NotStarted", "server":"GENERAL01000021"}}
{"logTime": "0310/144142", "correlationVector":"J7+dNfQAUeLGHegzvjpA++.2","action":"Commit Response", "result":"SYNCER_OK", "context":Result: SYNCER_OK. cV=J7+dNfQAUeLGHegzvjpA++.0;server=GENERAL01000021;cloudType=Consumer;environment=Prod_WestEurope_x00e;migrationStage=NotStarted}
{"logTime": "0310/144316", "correlationVector":"RFlSii5UAs4sg+DAQStoZR.1","action":"SyncServerConnectionManagerRequest", "result":"SYNC_SERVER_OK", "context":{"environment":"Prod_WestEurope_x00e", "migrationStage":"NotStarted", "server":"general0200000M"}}
{"logTime": "0310/144320", "correlationVector":"RFlSii5UAs4sg+DAQStoZR","action":"Initial GetUpdates", "result":"", "context":Reason: NEW_CLIENT. cV=RFlSii5UAs4sg+DAQStoZR}
{"logTime": "0310/144323", "correlationVector":"RFlSii5UAs4sg+DAQStoZR.2","action":"GetUpdates Response", "result":"SYNCER_OK", "context":Received 1 update(s). cV=RFlSii5UAs4sg+DAQStoZR.0;server=general0200000M;cloudType=Consumer;environment=Prod_WestEurope_x00e;migrationStage=NotStarted}
{"logTime": "0310/144326", "correlationVector":"CIGpSqARLEor4DfTaEBnt6","action":"Initial GetUpdates", "result":"", "context":Reason: NEWLY_SUPPORTED_DATATYPE. cV=CIGpSqARLEor4DfTaEBnt6}
{"logTime": "0310/144329", "correlationVector":"CIGpSqARLEor4DfTaEBnt6.1","action":"SyncServerConnectionManagerRequest", "result":"SYNC_SERVER_OK", "context":{"environment":"Prod_WestEurope_x00e", "migrationStage":"NotStarted", "server":"GENERAL0100001H"}}
{"logTime": "0310/144333", "correlationVector":"CIGpSqARLEor4DfTaEBnt6.2","action":"GetUpdates", "result":"DeleteReceived", "context":{"id":"6ad303bf-9e94-497c-b6f6-2abe7e5685bd", "isDeleted:":"true", "version":"1695070826859"}}
{"logTime": "0310/144337", "correlationVector":"CIGpSqARLEor4DfTaEBnt6.3","action":"GetUpdates Response", "result":"SYNCER_OK", "context":Received 77 update(s). cV=CIGpSqARLEor4DfTaEBnt6.0;server=GENERAL0100001H;cloudType=Consumer;environment=Prod_WestEurope_x00e;migrationStage=NotStarted}
{"logTime": "0310/144342", "correlationVector":"nA4pHhavSsja1UKsAbmzhm","action":"Normal GetUpdate request", "result":"", "context":cV=nA4pHhavSsja1UKsAbmzhm
Nudged types: Sessions
Refresh requested types: Bookmarks, Preferences, Passwords, Autofill Profiles, Autofill, Typed URLs, Extensions, Sessions, Extension settings, History Delete Directives, Device Info, User Consents, Send Tab To Self, Web Apps, Collection, Edge E Drop, Edge Hub App Usage, Edge Wallet, Encryption Keys}
{"logTime": "0310/144343", "correlationVector":"nA4pHhavSsja1UKsAbmzhm.1","action":"SyncServerConnectionManagerRequest", "result":"SYNC_SERVER_OK", "context":{"environment":"Prod_WestEurope_x00e", "migrationStage":"NotStarted", "server":"GENERAL0100001B"}}
{"logTime": "0310/144343", "correlationVector":"nA4pHhavSsja1UKsAbmzhm.2","action":"GetUpdates Response", "result":"SYNCER_OK", "context":Received 6 update(s). cV=nA4pHhavSsja1UKsAbmzhm.0;server=GENERAL0100001B;cloudType=Consumer;environment=Prod_WestEurope_x00e;migrationStage=NotStarted}
{"logTime": "0310/144343", "correlationVector":"JPKdBd1EEeCGdZlKvmdb+1","action":"Commit Request", "result":"", "context":Item count: 3
Contributing types: Sessions}
{"logTime": "0310/144343", "correlationVector":"JPKdBd1EEeCGdZlKvmdb+1.1","action":"SyncServerConnectionManagerRequest", "result":"SYNC_SERVER_OK", "context":{"environment":"Prod_WestEurope_x00e", "migrationStage":"NotStarted", "server":"GENERAL0100001L"}}
{"logTime": "0310/144343", "correlationVector":"JPKdBd1EEeCGdZlKvmdb+1.2","action":"Commit Response", "result":"SYNCER_OK", "context":Result: SYNCER_OK. cV=JPKdBd1EEeCGdZlKvmdb+1.0;server=GENERAL0100001L;cloudType=Consumer;environment=Prod_WestEurope_x00e;migrationStage=NotStarted}
{"logTime": "0310/144343", "correlationVector":"DGoh4ILM9ps2QPlvVej5cj","action":"SyncServerConnectionManagerRequest", "result":"SYNC_SERVER_OK", "context":{"environment":"", "migrationStage":"", "server":""}}
{"logTime": "0310/144343", "correlationVector":"L6/GhLz2CsPaC+ejO6L1pc","action":"Normal GetUpdate request", "result":"", "context":cV=L6/GhLz2CsPaC+ejO6L1pc
Nudged types: Sessions}
{"logTime": "0310/144343", "correlationVector":"L6/GhLz2CsPaC+ejO6L1pc.1","action":"SyncServerConnectionManagerRequest", "result":"SYNC_SERVER_OK", "context":{"environment":"Prod_WestEurope_000l", "migrationStage":"NotStarted", "server":"GENERAL0100001B"}}
{"logTime": "0310/144343", "correlationVector":"L6/GhLz2CsPaC+ejO6L1pc.2","action":"GetUpdates Response", "result":"SYNCER_OK", "context":Received 3 update(s). cV=L6/GhLz2CsPaC+ejO6L1pc.0;server=GENERAL0100001B;cloudType=Consumer;environment=Prod_WestEurope_000l;migrationStage=NotStarted}
{"logTime": "0310/144344", "correlationVector":"JwlJ5IjlxoECdIDDdQZXbF","action":"Normal GetUpdate request", "result":"", "context":cV=JwlJ5IjlxoECdIDDdQZXbF
Refresh requested types: Bookmarks, Preferences, Passwords, Autofill Profiles, Autofill, Typed URLs, Extensions, Sessions, Extension settings, History Delete Directives, Device Info, User Consents, Send Tab To Self, Web Apps, Collection, Edge E Drop, Edge Hub App Usage, Edge Wallet, Encryption Keys}
{"logTime": "0310/144345", "correlationVector":"JwlJ5IjlxoECdIDDdQZXbF.1","action":"SyncServerConnectionManagerRequest", "result":"SYNC_SERVER_OK", "context":{"environment":"Prod_WestEurope_000l", "migrationStage":"NotStarted", "server":"GENERAL0100000M"}}
{"logTime": "0310/144345", "correlationVector":"JwlJ5IjlxoECdIDDdQZXbF.2","action":"GetUpdates Response", "result":"SYNCER_OK", "context":Received 0 update(s). cV=JwlJ5IjlxoECdIDDdQZXbF.0;server=GENERAL0100000M;cloudType=Consumer;environment=Prod_WestEurope_000l;migrationStage=NotStarted}
{"logTime": "0310/144345", "correlationVector":"Xf9LjpJoVS8DS/M4SH0dMh","action":"Commit Request", "result":"", "context":Item count: 2
Contributing types: Preferences}
{"logTime": "0310/144345", "correlationVector":"Xf9LjpJoVS8DS/M4SH0dMh.1","action":"SyncServerConnectionManagerRequest", "result":"SYNC_SERVER_OK", "context":{"environment":"Prod_WestEurope_000l", "migrationStage":"NotStarted", "server":"GENERAL0100000Z"}}
{"logTime": "0310/144346", "correlationVector":"Xf9LjpJoVS8DS/M4SH0dMh.3","action":"Commit.Preferences", "result":"Success", "context":{"id":"7ab731d4-f0ce-48db-8390-fd89e0152cca", "isDeleted":"true", "size":"0", "version":"1710081675967"}}
{"logTime": "0310/144346", "correlationVector":"Xf9LjpJoVS8DS/M4SH0dMh.2","action":"Commit Response", "result":"SYNCER_OK", "context":Result: SYNCER_OK. cV=Xf9LjpJoVS8DS/M4SH0dMh.0;server=GENERAL0100000Z;cloudType=Consumer;environment=Prod_WestEurope_000l;migrationStage=NotStarted}
{"logTime": "0310/144418", "correlationVector":"lPXk1bl70TPD/lUnkXXJy9","action":"Commit Request", "result":"", "context":Item count: 2
Contributing types: Sessions}
{"logTime": "0310/144421", "correlationVector":"lPXk1bl70TPD/lUnkXXJy9.1","action":"SyncServerConnectionManagerRequest", "result":"SYNC_SERVER_OK", "context":{"environment":"Prod_WestEurope_000l", "migrationStage":"NotStarted", "server":"GENERAL01000013"}}
{"logTime": "0310/144421", "correlationVector":"lPXk1bl70TPD/lUnkXXJy9.3","action":"Commit.Sessions", "result":"Success", "context":{"id":"59816b7b-99dd-4d7e-b5b6-f338c7781616", "isDeleted":"true", "size":"0", "version":"1710081775686"}}
{"logTime": "0310/144421", "correlationVector":"lPXk1bl70TPD/lUnkXXJy9.2","action":"Commit Response", "result":"SYNCER_OK", "context":Result: SYNCER_OK. cV=lPXk1bl70TPD/lUnkXXJy9.0;server=GENERAL01000013;cloudType=Consumer;environment=Prod_WestEurope_000l;migrationStage=NotStarted}
{"logTime": "0310/144421", "correlationVector":"kTLDAWxOFmpv04/T8MGneu","action":"Commit Request", "result":"", "context":Item count: 1
Contributing types: Passwords}
{"logTime": "0310/144421", "correlationVector":"kTLDAWxOFmpv04/T8MGneu.1","action":"SyncServerConnectionManagerRequest", "result":"SYNC_SERVER_OK", "context":{"environment":"Prod_WestEurope_000l", "migrationStage":"NotStarted", "server":"GENERAL01000005"}}
{"logTime": "0310/144421", "correlationVector":"kTLDAWxOFmpv04/T8MGneu.2","action":"Commit Response", "result":"SYNCER_OK", "context":Result: SYNCER_OK. cV=kTLDAWxOFmpv04/T8MGneu.0;server=GENERAL01000005;cloudType=Consumer;environment=Prod_WestEurope_000l;migrationStage=NotStarted}
{"logTime": "0310/145459", "correlationVector":"dPYbLDeDg65H71RrGT8sC3.1","action":"SyncServerConnectionManagerRequest", "result":"SYNC_SERVER_OK", "context":{"environment":"Prod_WestEurope_000l", "migrationStage":"NotStarted", "server":"GENERAL0100000H"}}
{"logTime": "0310/145459", "correlationVector":"dPYbLDeDg65H71RrGT8sC3","action":"Initial GetUpdates", "result":"", "context":Reason: NEW_CLIENT. cV=dPYbLDeDg65H71RrGT8sC3}
{"logTime": "0310/145459", "correlationVector":"dPYbLDeDg65H71RrGT8sC3.2","action":"GetUpdates Response", "result":"SYNCER_OK", "context":Received 1 update(s). cV=dPYbLDeDg65H71RrGT8sC3.0;server=GENERAL0100000H;cloudType=Consumer;environment=Prod_WestEurope_000l;migrationStage=NotStarted}
{"logTime": "0310/145459", "correlationVector":"HApL3E27Ev7afKbIvRhuJQ","action":"Initial GetUpdates", "result":"", "context":Reason: NEWLY_SUPPORTED_DATATYPE. cV=HApL3E27Ev7afKbIvRhuJQ}
{"logTime": "0310/145459", "correlationVector":"HApL3E27Ev7afKbIvRhuJQ.1","action":"SyncServerConnectionManagerRequest", "result":"SYNC_SERVER_OK", "context":{"environment":"Prod_WestEurope_000l", "migrationStage":"NotStarted", "server":"GENERAL01000024"}}
{"logTime": "0310/145459", "correlationVector":"HApL3E27Ev7afKbIvRhuJQ.2","action":"GetUpdates", "result":"DeleteReceived", "context":{"id":"6ad303bf-9e94-497c-b6f6-2abe7e5685bd", "isDeleted:":"true", "version":"1695070826859"}}
{"logTime": "0310/145459", "correlationVector":"HApL3E27Ev7afKbIvRhuJQ.3","action":"GetUpdates Response", "result":"SYNCER_OK", "context":Received 78 update(s). cV=HApL3E27Ev7afKbIvRhuJQ.0;server=GENERAL01000024;cloudType=Consumer;environment=Prod_WestEurope_000l;migrationStage=NotStarted}
{"logTime": "0310/145459", "correlationVector":"Ib7jAS3Xe5SCoJkRJIdxWB","action":"Normal GetUpdate request", "result":"", "context":cV=Ib7jAS3Xe5SCoJkRJIdxWB
Nudged types: Sessions
Refresh requested types: Bookmarks, Preferences, Passwords, Autofill Profiles, Autofill, Typed URLs, Extensions, Sessions, Extension settings, History Delete Directives, Device Info, User Consents, Send Tab To Self, Web Apps, Collection, Edge E Drop, Edge Hub App Usage, Edge Wallet, Encryption Keys}
{"logTime": "0310/145459", "correlationVector":"Ib7jAS3Xe5SCoJkRJIdxWB.1","action":"SyncServerConnectionManagerRequest", "result":"SYNC_SERVER_OK", "context":{"environment":"Prod_WestEurope_000l", "migrationStage":"NotStarted", "server":"GENERAL0100000E"}}
{"logTime": "0310/145459", "correlationVector":"Ib7jAS3Xe5SCoJkRJIdxWB.2","action":"GetUpdates", "result":"DeleteReceived", "context":{"id":"7ab731d4-f0ce-48db-8390-fd89e0152cca", "isDeleted:":"true", "version":"1710081824966"}}
{"logTime": "0310/145459", "correlationVector":"Ib7jAS3Xe5SCoJkRJIdxWB.3","action":"GetUpdates", "result":"DeleteReceived", "context":{"id":"59816b7b-99dd-4d7e-b5b6-f338c7781616", "isDeleted:":"true", "version":"1710081860254"}}
{"logTime": "0310/145459", "correlationVector":"Ib7jAS3Xe5SCoJkRJIdxWB.4","action":"GetUpdates Response", "result":"SYNCER_OK", "context":Received 4 update(s). cV=Ib7jAS3Xe5SCoJkRJIdxWB.0;server=GENERAL0100000E;cloudType=Consumer;environment=Prod_WestEurope_000l;migrationStage=NotStarted}
{"logTime": "0310/145459", "correlationVector":"3jnJNKAy5o14Y5bjFnmX9v","action":"Commit Request", "result":"", "context":Item count: 3
Contributing types: Sessions}
{"logTime": "0310/145459", "correlationVector":"3jnJNKAy5o14Y5bjFnmX9v.1","action":"SyncServerConnectionManagerRequest", "result":"SYNC_SERVER_OK", "context":{"environment":"Prod_WestEurope_000l", "migrationStage":"NotStarted", "server":"GENERAL0100000O"}}
{"logTime": "0310/145459", "correlationVector":"3jnJNKAy5o14Y5bjFnmX9v.3","action":"Commit.Sessions", "result":"Success", "context":{"id":"ffb2d9df-033a-4421-aff3-1cbf61c5c1eb", "isDeleted":"true", "size":"0", "version":"1710081860253"}}
{"logTime": "0310/145459", "correlationVector":"3jnJNKAy5o14Y5bjFnmX9v.2","action":"Commit Response", "result":"SYNCER_OK", "context":Result: SYNCER_OK. cV=3jnJNKAy5o14Y5bjFnmX9v.0;server=GENERAL0100000O;cloudType=Consumer;environment=Prod_WestEurope_000l;migrationStage=NotStarted}
{"logTime": "0310/145459", "correlationVector":"VJ+sHw4nX2XsELmrdYicLH","action":"SyncServerConnectionManagerRequest", "result":"SYNC_SERVER_OK", "context":{"environment":"", "migrationStage":"", "server":""}}
{"logTime": "0310/145459", "correlationVector":"zgiCTdcYScHa41ALF6o1/7","action":"Normal GetUpdate request", "result":"", "context":cV=zgiCTdcYScHa41ALF6o1/7
Nudged types: Sessions}
{"logTime": "0310/145459", "correlationVector":"zgiCTdcYScHa41ALF6o1/7.1","action":"SyncServerConnectionManagerRequest", "result":"SYNC_SERVER_OK", "context":{"environment":"Prod_WestEurope_000l", "migrationStage":"NotStarted", "server":"GENERAL0100000A"}}
{"logTime": "0310/145459", "correlationVector":"zgiCTdcYScHa41ALF6o1/7.2","action":"GetUpdates", "result":"DeleteReceived", "context":{"id":"ffb2d9df-033a-4421-aff3-1cbf61c5c1eb", "isDeleted:":"true", "version":"1710082442643"}}
{"logTime": "0310/145459", "correlationVector":"zgiCTdcYScHa41ALF6o1/7.3","action":"GetUpdates Response", "result":"SYNCER_OK", "context":Received 3 update(s). cV=zgiCTdcYScHa41ALF6o1/7.0;server=GENERAL0100000A;cloudType=Consumer;environment=Prod_WestEurope_000l;migrationStage=NotStarted}
{"logTime": "0310/145459", "correlationVector":"LEVQO4zrGKbrx0vA+dIdCD","action":"Normal GetUpdate request", "result":"", "context":cV=LEVQO4zrGKbrx0vA+dIdCD
Refresh requested types: Bookmarks, Preferences, Passwords, Autofill Profiles, Autofill, Typed URLs, Extensions, Sessions, Extension settings, History Delete Directives, Device Info, User Consents, Send Tab To Self, Web Apps, Collection, Edge E Drop, Edge Hub App Usage, Edge Wallet, Encryption Keys}
{"logTime": "0310/145459", "correlationVector":"LEVQO4zrGKbrx0vA+dIdCD.1","action":"SyncServerConnectionManagerRequest", "result":"SYNC_SERVER_OK", "context":{"environment":"Prod_WestEurope_000l", "migrationStage":"NotStarted", "server":"GENERAL01000016"}}
{"logTime": "0310/145459", "correlationVector":"LEVQO4zrGKbrx0vA+dIdCD.2","action":"GetUpdates Response", "result":"SYNCER_OK", "context":Received 0 update(s). cV=LEVQO4zrGKbrx0vA+dIdCD.0;server=GENERAL01000016;cloudType=Consumer;environment=Prod_WestEurope_000l;migrationStage=NotStarted}
{"logTime": "0310/145500", "correlationVector":"YHl3rlRcG3+XwnPENGdW0o","action":"Commit Request", "result":"", "context":Item count: 1
Contributing types: Preferences}
{"logTime": "0310/145504", "correlationVector":"YHl3rlRcG3+XwnPENGdW0o.1","action":"SyncServerConnectionManagerRequest", "result":"SYNC_SERVER_OK", "context":{"environment":"Prod_WestEurope_000l", "migrationStage":"NotStarted", "server":"GENERAL0100000P"}}
{"logTime": "0310/145504", "correlationVector":"YHl3rlRcG3+XwnPENGdW0o.2","action":"Commit Response", "result":"SYNCER_OK", "context":Result: SYNCER_OK. cV=YHl3rlRcG3+XwnPENGdW0o.0;server=GENERAL0100000P;cloudType=Consumer;environment=Prod_WestEurope_000l;migrationStage=NotStarted}
{"logTime": "0310/145859", "correlationVector":"E5P7Y1Fnz04NFJEerfqxoh","action":"Normal GetUpdate request", "result":"", "context":cV=E5P7Y1Fnz04NFJEerfqxoh
Refresh requested types: Bookmarks, Preferences, Passwords, Autofill Profiles, Autofill, Typed URLs, Extensions, Sessions, Extension settings, History Delete Directives, Device Info, User Consents, Send Tab To Self, Web Apps, Collection, Edge E Drop, Edge Hub App Usage, Edge Wallet, Encryption Keys}
{"logTime": "0310/145902", "correlationVector":"E5P7Y1Fnz04NFJEerfqxoh.1","action":"SyncServerConnectionManagerRequest", "result":"SYNC_SERVER_OK", "context":{"environment":"Prod_WestEurope_x00e", "migrationStage":"NotStarted", "server":"GENERAL01000024"}}
{"logTime": "0310/145902", "correlationVector":"E5P7Y1Fnz04NFJEerfqxoh.2","action":"GetUpdates Response", "result":"SYNCER_OK", "context":Received 1 update(s). cV=E5P7Y1Fnz04NFJEerfqxoh.0;server=GENERAL01000024;cloudType=Consumer;environment=Prod_WestEurope_x00e;migrationStage=NotStarted}
{"logTime": "0310/150615", "correlationVector":"PVUDyptJNAdDIxbPqwu1C3","action":"Commit Request", "result":"", "context":Item count: 1
Contributing types: Sessions}
{"logTime": "0310/150618", "correlationVector":"PVUDyptJNAdDIxbPqwu1C3.1","action":"SyncServerConnectionManagerRequest", "result":"SYNC_SERVER_OK", "context":{"environment":"Prod_WestEurope_x00e", "migrationStage":"NotStarted", "server":"GENERAL0100000J"}}
{"logTime": "0310/150618", "correlationVector":"PVUDyptJNAdDIxbPqwu1C3.2","action":"Commit Response", "result":"SYNCER_OK", "context":Result: SYNCER_OK. cV=PVUDyptJNAdDIxbPqwu1C3.0;server=GENERAL0100000J;cloudType=Consumer;environment=Prod_WestEurope_x00e;migrationStage=NotStarted}
{"logTime": "0310/154521", "correlationVector":"dfSbu5dYRfrG3tmZDaqhEf.1","action":"SyncServerConnectionManagerRequest", "result":"SYNC_SERVER_OK", "context":{"environment":"Prod_WestEurope_000l", "migrationStage":"NotStarted", "server":"GENERAL01000005"}}
{"logTime": "0310/154521", "correlationVector":"dfSbu5dYRfrG3tmZDaqhEf","action":"Initial GetUpdates", "result":"", "context":Reason: NEW_CLIENT. cV=dfSbu5dYRfrG3tmZDaqhEf}
{"logTime": "0310/154521", "correlationVector":"dfSbu5dYRfrG3tmZDaqhEf.2","action":"GetUpdates Response", "result":"SYNCER_OK", "context":Received 1 update(s). cV=dfSbu5dYRfrG3tmZDaqhEf.0;server=GENERAL01000005;cloudType=Consumer;environment=Prod_WestEurope_000l;migrationStage=NotStarted}
{"logTime": "0310/154523", "correlationVector":"IELwrdV2USkhpnpvy193wV","action":"SyncServerConnectionManagerRequest", "result":"SYNC_SERVER_OK", "context":{"environment":"", "migrationStage":"", "server":""}}
{"logTime": "0310/154523", "correlationVector":"+6plZ/O70GlmzJrDbVxeHy","action":"Initial GetUpdates", "result":"", "context":Reason: NEWLY_SUPPORTED_DATATYPE. cV=+6plZ/O70GlmzJrDbVxeHy}
{"logTime": "0310/154541", "correlationVector":"+6plZ/O70GlmzJrDbVxeHy.1","action":"SyncServerConnectionManagerRequest", "result":"SYNC_SERVER_OK", "context":{"environment":"Prod_WestEurope_x00e", "migrationStage":"NotStarted", "server":"GENERAL0100001Q"}}
{"logTime": "0310/154544", "correlationVector":"+6plZ/O70GlmzJrDbVxeHy.2","action":"GetUpdates", "result":"DeleteReceived", "context":{"id":"6ad303bf-9e94-497c-b6f6-2abe7e5685bd", "isDeleted:":"true", "version":"1695070826859"}}
{"logTime": "0310/154545", "correlationVector":"+6plZ/O70GlmzJrDbVxeHy.3","action":"GetUpdates Response", "result":"SYNCER_OK", "context":Received 78 update(s). cV=+6plZ/O70GlmzJrDbVxeHy.0;server=GENERAL0100001Q;cloudType=Consumer;environment=Prod_WestEurope_x00e;migrationStage=NotStarted}
{"logTime": "0310/154547", "correlationVector":"QsvH/K8+AzoLYrzWWj92rF","action":"Normal GetUpdate request", "result":"", "context":cV=QsvH/K8+AzoLYrzWWj92rF
Nudged types: Preferences, Passwords, Sessions
Refresh requested types: Bookmarks, Preferences, Passwords, Autofill Profiles, Autofill, Typed URLs, Extensions, Sessions, Extension settings, History Delete Directives, Device Info, User Consents, Send Tab To Self, Web Apps, Collection, Edge E Drop, Edge Hub App Usage, Edge Wallet, Encryption Keys}
{"logTime": "0310/154547", "correlationVector":"QsvH/K8+AzoLYrzWWj92rF.1","action":"SyncServerConnectionManagerRequest", "result":"SYNC_SERVER_OK", "context":{"environment":"Prod_WestEurope_000l", "migrationStage":"NotStarted", "server":"GENERAL0100001C"}}
{"logTime": "0310/154547", "correlationVector":"QsvH/K8+AzoLYrzWWj92rF.2","action":"GetUpdates Response", "result":"SYNCER_OK", "context":Received 1 update(s). cV=QsvH/K8+AzoLYrzWWj92rF.0;server=GENERAL0100001C;cloudType=Consumer;environment=Prod_WestEurope_000l;migrationStage=NotStarted}
{"logTime": "0310/154547", "correlationVector":"3ssl0RMk1m4B2FGiRJnga+","action":"Commit Request", "result":"", "context":Item count: 5
Contributing types: Preferences, Passwords, Sessions}
{"logTime": "0310/154548", "correlationVector":"3ssl0RMk1m4B2FGiRJnga+.1","action":"SyncServerConnectionManagerRequest", "result":"SYNC_SERVER_OK", "context":{"environment":"Prod_WestEurope_000l", "migrationStage":"NotStarted", "server":"GENERAL0100000P"}}
{"logTime": "0310/154548", "correlationVector":"3ssl0RMk1m4B2FGiRJnga+.3","action":"Commit.Sessions", "result":"Success", "context":{"id":"3dd7b7b7-69b3-4006-93fa-d41a4a63b239", "isDeleted":"true", "size":"0", "version":"1710083177469"}}
{"logTime": "0310/154548", "correlationVector":"3ssl0RMk1m4B2FGiRJnga+.2","action":"Commit Response", "result":"SYNCER_OK", "context":Result: SYNCER_OK. cV=3ssl0RMk1m4B2FGiRJnga+.0;server=GENERAL0100000P;cloudType=Consumer;environment=Prod_WestEurope_000l;migrationStage=NotStarted}
{"logTime": "0310/154549", "correlationVector":"tZjFoZQA7AdGTRcHzMe3ux","action":"Normal GetUpdate request", "result":"", "context":cV=tZjFoZQA7AdGTRcHzMe3ux
Nudged types: Preferences, Passwords, Sessions}
{"logTime": "0310/154549", "correlationVector":"tZjFoZQA7AdGTRcHzMe3ux.1","action":"SyncServerConnectionManagerRequest", "result":"SYNC_SERVER_OK", "context":{"environment":"Prod_WestEurope_000l", "migrationStage":"NotStarted", "server":"GENERAL01000022"}}
{"logTime": "0310/154549", "correlationVector":"tZjFoZQA7AdGTRcHzMe3ux.2","action":"GetUpdates", "result":"DeleteReceived", "context":{"id":"3dd7b7b7-69b3-4006-93fa-d41a4a63b239", "isDeleted:":"true", "version":"1710085546553"}}
{"logTime": "0310/154549", "correlationVector":"tZjFoZQA7AdGTRcHzMe3ux.3","action":"GetUpdates Response", "result":"SYNCER_OK", "context":Received 5 update(s). cV=tZjFoZQA7AdGTRcHzMe3ux.0;server=GENERAL01000022;cloudType=Consumer;environment=Prod_WestEurope_000l;migrationStage=NotStarted}
{"logTime": "0310/154700", "correlationVector":"E9HNQ8Y43bk9DbrkZIhXA1","action":"Normal GetUpdate request", "result":"", "context":cV=E9HNQ8Y43bk9DbrkZIhXA1
Nudged types: Sessions}
{"logTime": "0310/154704", "correlationVector":"E9HNQ8Y43bk9DbrkZIhXA1.1","action":"SyncServerConnectionManagerRequest", "result":"SYNC_SERVER_OK", "context":{"environment":"Prod_WestEurope_000l", "migrationStage":"NotStarted", "server":"GENERAL01000015"}}
{"logTime": "0310/154704", "correlationVector":"E9HNQ8Y43bk9DbrkZIhXA1.2","action":"GetUpdates Response", "result":"SYNCER_OK", "context":Received 0 update(s). cV=E9HNQ8Y43bk9DbrkZIhXA1.0;server=GENERAL01000015;cloudType=Consumer;environment=Prod_WestEurope_000l;migrationStage=NotStarted}
{"logTime": "0310/154704", "correlationVector":"ctkmvWIQm1WTeSVknlpfUd","action":"Commit Request", "result":"", "context":Item count: 1
Contributing types: Sessions}
{"logTime": "0310/154705", "correlationVector":"ctkmvWIQm1WTeSVknlpfUd.1","action":"SyncServerConnectionManagerRequest", "result":"SYNC_SERVER_OK", "context":{"environment":"Prod_WestEurope_000l", "migrationStage":"NotStarted", "server":"GENERAL0100001Z"}}
{"logTime": "0310/154705", "correlationVector":"ctkmvWIQm1WTeSVknlpfUd.2","action":"Commit Response", "result":"SYNCER_OK", "context":Result: SYNCER_OK. cV=ctkmvWIQm1WTeSVknlpfUd.0;server=GENERAL0100001Z;cloudType=Consumer;environment=Prod_WestEurope_000l;migrationStage=NotStarted}
{"logTime": "0310/154807", "correlationVector":"/2tb8Yr12sWNgJy7D4SYel","action":"Commit Request", "result":"", "context":Item count: 1
Contributing types: Sessions}
{"logTime": "0310/154810", "correlationVector":"/2tb8Yr12sWNgJy7D4SYel.1","action":"SyncServerConnectionManagerRequest", "result":"SYNC_SERVER_OK", "context":{"environment":"Prod_WestEurope_000l", "migrationStage":"NotStarted", "server":"GENERAL0100000V"}}
{"logTime": "0310/154810", "correlationVector":"/2tb8Yr12sWNgJy7D4SYel.2","action":"Commit Response", "result":"SYNCER_OK", "context":Result: SYNCER_OK. cV=/2tb8Yr12sWNgJy7D4SYel.0;server=GENERAL0100000V;cloudType=Consumer;environment=Prod_WestEurope_000l;migrationStage=NotStarted}
{"logTime": "0310/154910", "correlationVector":"sNJFR3KWqsn4HUpOqni5em","action":"Normal GetUpdate request", "result":"", "context":cV=sNJFR3KWqsn4HUpOqni5em
Refresh requested types: Bookmarks, Preferences, Passwords, Autofill Profiles, Autofill, Typed URLs, Extensions, Sessions, Extension settings, History Delete Directives, Device Info, User Consents, Send Tab To Self, Web Apps, Collection, Edge E Drop, Edge Hub App Usage, Edge Wallet, Encryption Keys}
{"logTime": "0310/154913", "correlationVector":"sNJFR3KWqsn4HUpOqni5em.1","action":"SyncServerConnectionManagerRequest", "result":"SYNC_SERVER_OK", "context":{"environment":"Prod_WestEurope_000l", "migrationStage":"NotStarted", "server":"general01000026"}}
{"logTime": "0310/154913", "correlationVector":"sNJFR3KWqsn4HUpOqni5em.2","action":"GetUpdates Response", "result":"SYNCER_OK", "context":Received 1 update(s). cV=sNJFR3KWqsn4HUpOqni5em.0;server=general01000026;cloudType=Consumer;environment=Prod_WestEurope_000l;migrationStage=NotStarted}
{"logTime": "0310/155425", "correlationVector":"VqQ8tSa9fELsLCWCWL/tA7","action":"Commit Request", "result":"", "context":Item count: 1
Contributing types: Sessions}
{"logTime": "0310/155428", "correlationVector":"VqQ8tSa9fELsLCWCWL/tA7.1","action":"SyncServerConnectionManagerRequest", "result":"SYNC_SERVER_OK", "context":{"environment":"Prod_WestEurope_000l", "migrationStage":"NotStarted", "server":"GENERAL0100001C"}}
{"logTime": "0310/155428", "correlationVector":"VqQ8tSa9fELsLCWCWL/tA7.2","action":"Commit Response", "result":"SYNCER_OK", "context":Result: SYNCER_OK. cV=VqQ8tSa9fELsLCWCWL/tA7.0;server=GENERAL0100001C;cloudType=Consumer;environment=Prod_WestEurope_000l;migrationStage=NotStarted}
{"logTime": "0310/155518", "correlationVector":"ckUTckrIx92OW1BHH/JANn","action":"Commit Request", "result":"", "context":Item count: 1
Contributing types: Sessions}
{"logTime": "0310/155528", "correlationVector":"ckUTckrIx92OW1BHH/JANn.1","action":"SyncServerConnectionManagerRequest", "result":"SYNC_SERVER_OK", "context":{"environment":"Prod_WestEurope_000l", "migrationStage":"NotStarted", "server":"GENERAL01000014"}}
{"logTime": "0310/155528", "correlationVector":"ckUTckrIx92OW1BHH/JANn.2","action":"Commit Response", "result":"SYNCER_OK", "context":Result: SYNCER_OK. cV=ckUTckrIx92OW1BHH/JANn.0;server=GENERAL01000014;cloudType=Consumer;environment=Prod_WestEurope_000l;migrationStage=NotStarted}
{"logTime": "0310/155619", "correlationVector":"WNCeGN824jpr6stW8lbhX8","action":"Commit Request", "result":"", "context":Item count: 1
Contributing types: Sessions}
{"logTime": "0310/155625", "correlationVector":"WNCeGN824jpr6stW8lbhX8.1","action":"SyncServerConnectionManagerRequest", "result":"SYNC_SERVER_OK", "context":{"environment":"Prod_WestEurope_x00e", "migrationStage":"NotStarted", "server":"GENERAL0100001O"}}
{"logTime": "0310/155625", "correlationVector":"WNCeGN824jpr6stW8lbhX8.2","action":"Commit Response", "result":"SYNCER_OK", "context":Result: SYNCER_OK. cV=WNCeGN824jpr6stW8lbhX8.0;server=GENERAL0100001O;cloudType=Consumer;environment=Prod_WestEurope_x00e;migrationStage=NotStarted}
{"logTime": "0310/155830", "correlationVector":"5NXEJSwEPOrxNqjWfRvzEo","action":"SyncServerConnectionManagerRequest", "result":"CONNECTION_UNAVAILABLE", "context":{"error_type":"net_error_code", "error_value":"-101"}}
{"logTime": "0310/155932", "correlationVector":"7Tf57frvxNEM5GGBLw73OR.1","action":"SyncServerConnectionManagerRequest", "result":"SYNC_SERVER_OK", "context":{"environment":"", "migrationStage":"", "server":""}}
{"logTime": "0310/155944", "correlationVector":"CkmUS6nAVBTeNuezfplU/g.1","action":"SyncServerConnectionManagerRequest", "result":"SYNC_SERVER_OK", "context":{"environment":"Prod_WestEurope_000l", "migrationStage":"NotStarted", "server":"GENERAL01000024"}}
{"logTime": "0310/155944", "correlationVector":"5NXEJSwEPOrxNqjWfRvzEo","action":"Initial GetUpdates", "result":"", "context":Reason: NEW_CLIENT. cV=5NXEJSwEPOrxNqjWfRvzEo}
{"logTime": "0310/155944", "correlationVector":"7Tf57frvxNEM5GGBLw73OR.0","action":"GetUpdates Response", "result":"NETWORK_ERROR_TRANSPORT (ERR_CONNECTION_RESET)", "context":Received error: NETWORK_ERROR_TRANSPORT (ERR_CONNECTION_RESET). }
{"logTime": "0310/155944", "correlationVector":"CkmUS6nAVBTeNuezfplU/g","action":"Initial GetUpdates", "result":"", "context":Reason: NEW_CLIENT. cV=CkmUS6nAVBTeNuezfplU/g}
{"logTime": "0310/155944", "correlationVector":"CkmUS6nAVBTeNuezfplU/g.2","action":"GetUpdates Response", "result":"SYNCER_OK", "context":Received 1 update(s). cV=CkmUS6nAVBTeNuezfplU/g.0;server=GENERAL01000024;cloudType=Consumer;environment=Prod_WestEurope_000l;migrationStage=NotStarted}
{"logTime": "0310/155944", "correlationVector":"qwPAENZ+zeQ26iOQ/VPCjQ","action":"Initial GetUpdates", "result":"", "context":Reason: NEWLY_SUPPORTED_DATATYPE. cV=qwPAENZ+zeQ26iOQ/VPCjQ}
{"logTime": "0310/155946", "correlationVector":"qwPAENZ+zeQ26iOQ/VPCjQ.1","action":"SyncServerConnectionManagerRequest", "result":"SYNC_SERVER_OK", "context":{"environment":"Prod_WestEurope_000l", "migrationStage":"NotStarted", "server":"GENERAL0100001C"}}
{"logTime": "0310/155946", "correlationVector":"qwPAENZ+zeQ26iOQ/VPCjQ.2","action":"GetUpdates", "result":"DeleteReceived", "context":{"id":"6ad303bf-9e94-497c-b6f6-2abe7e5685bd", "isDeleted:":"true", "version":"1695070826859"}}
{"logTime": "0310/155946", "correlationVector":"qwPAENZ+zeQ26iOQ/VPCjQ.3","action":"GetUpdates Response", "result":"SYNCER_OK", "context":Received 79 update(s). cV=qwPAENZ+zeQ26iOQ/VPCjQ.0;server=GENERAL0100001C;cloudType=Consumer;environment=Prod_WestEurope_000l;migrationStage=NotStarted}
{"logTime": "0310/155946", "correlationVector":"cNEiPeE8LdXg1DLrKhYkIC","action":"Normal GetUpdate request", "result":"", "context":cV=cNEiPeE8LdXg1DLrKhYkIC
Nudged types: Preferences, Passwords, Sessions
Refresh requested types: Bookmarks, Preferences, Passwords, Autofill Profiles, Autofill, Typed URLs, Extensions, Sessions, Extension settings, History Delete Directives, Device Info, User Consents, Send Tab To Self, Web Apps, Collection, Edge E Drop, Edge Hub App Usage, Edge Wallet, Encryption Keys}
{"logTime": "0310/155946", "correlationVector":"cNEiPeE8LdXg1DLrKhYkIC.1","action":"SyncServerConnectionManagerRequest", "result":"SYNC_SERVER_OK", "context":{"environment":"Prod_WestEurope_000l", "migrationStage":"NotStarted", "server":"GENERAL0100001A"}}
{"logTime": "0310/155946", "correlationVector":"cNEiPeE8LdXg1DLrKhYkIC.2","action":"GetUpdates Response", "result":"SYNCER_OK", "context":Received 1 update(s). cV=cNEiPeE8LdXg1DLrKhYkIC.0;server=GENERAL0100001A;cloudType=Consumer;environment=Prod_WestEurope_000l;migrationStage=NotStarted}
{"logTime": "0310/155946", "correlationVector":"rtqsIFACK+4e1LtQLnolqC","action":"Commit Request", "result":"", "context":Item count: 5
Contributing types: Preferences, Passwords, Sessions}
{"logTime": "0310/155950", "correlationVector":"rtqsIFACK+4e1LtQLnolqC.1","action":"SyncServerConnectionManagerRequest", "result":"SYNC_SERVER_OK", "context":{"environment":"Prod_WestEurope_000l", "migrationStage":"NotStarted", "server":"GENERAL0100000D"}}
{"logTime": "0310/155950", "correlationVector":"rtqsIFACK+4e1LtQLnolqC.2","action":"Commit Response", "result":"SYNCER_OK", "context":Result: SYNCER_OK. cV=rtqsIFACK+4e1LtQLnolqC.0;server=GENERAL0100000D;cloudType=Consumer;environment=Prod_WestEurope_000l;migrationStage=NotStarted}
{"logTime": "0310/155951", "correlationVector":"Y04ziRP+9zwU/bOTMcg4pM","action":"Normal GetUpdate request", "result":"", "context":cV=Y04ziRP+9zwU/bOTMcg4pM
Nudged types: Preferences, Passwords, Sessions}
{"logTime": "0310/155952", "correlationVector":"Y04ziRP+9zwU/bOTMcg4pM.1","action":"SyncServerConnectionManagerRequest", "result":"SYNC_SERVER_OK", "context":{"environment":"Prod_WestEurope_000l", "migrationStage":"NotStarted", "server":"GENERAL01000003"}}
{"logTime": "0310/155952", "correlationVector":"Y04ziRP+9zwU/bOTMcg4pM.2","action":"GetUpdates Response", "result":"SYNCER_OK", "context":Received 5 update(s). cV=Y04ziRP+9zwU/bOTMcg4pM.0;server=GENERAL01000003;cloudType=Consumer;environment=Prod_WestEurope_000l;migrationStage=NotStarted}
{"logTime": "0310/160231", "correlationVector":"MvGERK+wNTaje66LgpGLDJ","action":"Normal GetUpdate request", "result":"", "context":cV=MvGERK+wNTaje66LgpGLDJ
Refresh requested types: Bookmarks, Preferences, Passwords, Autofill Profiles, Autofill, Typed URLs, Extensions, Sessions, Extension settings, History Delete Directives, Device Info, User Consents, Send Tab To Self, Web Apps, Collection, Edge E Drop, Edge Hub App Usage, Edge Wallet, Encryption Keys}
{"logTime": "0310/160250", "correlationVector":"MvGERK+wNTaje66LgpGLDJ","action":"SyncServerConnectionManagerRequest", "result":"CONNECTION_UNAVAILABLE", "context":{"error_type":"net_error_code", "error_value":"-101"}}
{"logTime": "0310/160250", "correlationVector":"WSQe+2H6NnBr3AxQIKJlX8.0","action":"GetUpdates Response", "result":"NETWORK_ERROR_TRANSPORT (ERR_CONNECTION_RESET)", "context":Received error: NETWORK_ERROR_TRANSPORT (ERR_CONNECTION_RESET). }
{"logTime": "0310/160542", "correlationVector":"63xUqcNzxtrIv5x9iMXt30.1","action":"SyncServerConnectionManagerRequest", "result":"SYNC_SERVER_OK", "context":{"environment":"Prod_WestEurope_x00e", "migrationStage":"NotStarted", "server":"general0200000I"}}
{"logTime": "0310/160542", "correlationVector":"63xUqcNzxtrIv5x9iMXt30","action":"Initial GetUpdates", "result":"", "context":Reason: NEW_CLIENT. cV=63xUqcNzxtrIv5x9iMXt30}
{"logTime": "0310/160542", "correlationVector":"63xUqcNzxtrIv5x9iMXt30.2","action":"GetUpdates Response", "result":"SYNCER_OK", "context":Received 1 update(s). cV=63xUqcNzxtrIv5x9iMXt30.0;server=general0200000I;cloudType=Consumer;environment=Prod_WestEurope_x00e;migrationStage=NotStarted}
{"logTime": "0310/160542", "correlationVector":"mqtLCOtIPun3b6SeoMncLR","action":"Initial GetUpdates", "result":"", "context":Reason: NEWLY_SUPPORTED_DATATYPE. cV=mqtLCOtIPun3b6SeoMncLR}
{"logTime": "0310/160542", "correlationVector":"mqtLCOtIPun3b6SeoMncLR.1","action":"SyncServerConnectionManagerRequest", "result":"SYNC_SERVER_OK", "context":{"environment":"Prod_WestEurope_x00e", "migrationStage":"NotStarted", "server":"GENERAL01000015"}}
{"logTime": "0310/160542", "correlationVector":"mqtLCOtIPun3b6SeoMncLR.2","action":"GetUpdates", "result":"DeleteReceived", "context":{"id":"6ad303bf-9e94-497c-b6f6-2abe7e5685bd", "isDeleted:":"true", "version":"1695070826859"}}
{"logTime": "0310/160542", "correlationVector":"mqtLCOtIPun3b6SeoMncLR.3","action":"GetUpdates Response", "result":"SYNCER_OK", "context":Received 80 update(s). cV=mqtLCOtIPun3b6SeoMncLR.0;server=GENERAL01000015;cloudType=Consumer;environment=Prod_WestEurope_x00e;migrationStage=NotStarted}
{"logTime": "0310/160542", "correlationVector":"s9XZJXgFr/FxqiZ99fQBYV","action":"Normal GetUpdate request", "result":"", "context":cV=s9XZJXgFr/FxqiZ99fQBYV
Nudged types: Sessions
Refresh requested types: Bookmarks, Preferences, Passwords, Autofill Profiles, Autofill, Typed URLs, Extensions, Sessions, Extension settings, History Delete Directives, Device Info, User Consents, Send Tab To Self, Web Apps, Collection, Edge E Drop, Edge Hub App Usage, Edge Wallet, Encryption Keys}
{"logTime": "0310/160542", "correlationVector":"s9XZJXgFr/FxqiZ99fQBYV.1","action":"SyncServerConnectionManagerRequest", "result":"SYNC_SERVER_OK", "context":{"environment":"Prod_WestEurope_x00e", "migrationStage":"NotStarted", "server":"GENERAL0100001R"}}
{"logTime": "0310/160542", "correlationVector":"s9XZJXgFr/FxqiZ99fQBYV.2","action":"GetUpdates Response", "result":"SYNCER_OK", "context":Received 0 update(s). cV=s9XZJXgFr/FxqiZ99fQBYV.0;server=GENERAL0100001R;cloudType=Consumer;environment=Prod_WestEurope_x00e;migrationStage=NotStarted}
{"logTime": "0310/160542", "correlationVector":"XAtgS6vRmapNYjzLfUiIl9","action":"Commit Request", "result":"", "context":Item count: 3
Contributing types: Sessions}
{"logTime": "0310/160543", "correlationVector":"XAtgS6vRmapNYjzLfUiIl9.1","action":"SyncServerConnectionManagerRequest", "result":"SYNC_SERVER_OK", "context":{"environment":"Prod_WestEurope_x00e", "migrationStage":"NotStarted", "server":"GENERAL01000004"}}
{"logTime": "0310/160543", "correlationVector":"XAtgS6vRmapNYjzLfUiIl9.2","action":"Commit Response", "result":"SYNCER_OK", "context":Result: SYNCER_OK. cV=XAtgS6vRmapNYjzLfUiIl9.0;server=GENERAL01000004;cloudType=Consumer;environment=Prod_WestEurope_x00e;migrationStage=NotStarted}
{"logTime": "0310/160606", "correlationVector":"DbUzc+4drvDVrhiR1WhNK7","action":"SyncServerConnectionManagerRequest", "result":"SYNC_SERVER_OK", "context":{"environment":"", "migrationStage":"", "server":""}}
{"logTime": "0310/160606", "correlationVector":"NciKA88O5YhA3Pqjb4f/20","action":"Normal GetUpdate request", "result":"", "context":cV=NciKA88O5YhA3Pqjb4f/20
Nudged types: Preferences, Sessions}
{"logTime": "0310/160609", "correlationVector":"NciKA88O5YhA3Pqjb4f/20.1","action":"SyncServerConnectionManagerRequest", "result":"SYNC_SERVER_OK", "context":{"environment":"Prod_WestEurope_x00e", "migrationStage":"NotStarted", "server":"GENERAL01000015"}}
{"logTime": "0310/160609", "correlationVector":"NciKA88O5YhA3Pqjb4f/20.2","action":"GetUpdates Response", "result":"SYNCER_OK", "context":Received 3 update(s). cV=NciKA88O5YhA3Pqjb4f/20.0;server=GENERAL01000015;cloudType=Consumer;environment=Prod_WestEurope_x00e;migrationStage=NotStarted}
{"logTime": "0310/160609", "correlationVector":"CHD8UjBzFgsZycSLVfylTZ","action":"Commit Request", "result":"", "context":Item count: 1
Contributing types: Preferences}
{"logTime": "0310/160610", "correlationVector":"CHD8UjBzFgsZycSLVfylTZ.1","action":"SyncServerConnectionManagerRequest", "result":"SYNC_SERVER_OK", "context":{"environment":"Prod_WestEurope_x00e", "migrationStage":"NotStarted", "server":"GENERAL01000015"}}
{"logTime": "0310/160610", "correlationVector":"CHD8UjBzFgsZycSLVfylTZ.2","action":"Commit Response", "result":"SYNCER_OK", "context":Result: SYNCER_OK. cV=CHD8UjBzFgsZycSLVfylTZ.0;server=GENERAL01000015;cloudType=Consumer;environment=Prod_WestEurope_x00e;migrationStage=NotStarted}
{"logTime": "0310/160610", "correlationVector":"+ngQ260D1pIgcFtdO60Kny","action":"Normal GetUpdate request", "result":"", "context":cV=+ngQ260D1pIgcFtdO60Kny
Nudged types: Preferences
Refresh requested types: Bookmarks, Preferences, Passwords, Autofill Profiles, Autofill, Typed URLs, Extensions, Sessions, Extension settings, History Delete Directives, Device Info, User Consents, Send Tab To Self, Web Apps, Collection, Edge E Drop, Edge Hub App Usage, Edge Wallet, Encryption Keys}
{"logTime": "0310/160610", "correlationVector":"+ngQ260D1pIgcFtdO60Kny.1","action":"SyncServerConnectionManagerRequest", "result":"SYNC_SERVER_OK", "context":{"environment":"Prod_WestEurope_x00e", "migrationStage":"NotStarted", "server":"GENERAL0100000F"}}
{"logTime": "0310/160610", "correlationVector":"+ngQ260D1pIgcFtdO60Kny.2","action":"GetUpdates Response", "result":"SYNCER_OK", "context":Received 1 update(s). cV=+ngQ260D1pIgcFtdO60Kny.0;server=GENERAL0100000F;cloudType=Consumer;environment=Prod_WestEurope_x00e;migrationStage=NotStarted}
{"logTime": "0310/160615", "correlationVector":"k9s5Z/srZM5Jcjo99KS/pa","action":"Commit Request", "result":"", "context":Item count: 3
Contributing types: Passwords, Sessions}
{"logTime": "0310/160617", "correlationVector":"k9s5Z/srZM5Jcjo99KS/pa.1","action":"SyncServerConnectionManagerRequest", "result":"SYNC_SERVER_OK", "context":{"environment":"Prod_WestEurope_x00e", "migrationStage":"NotStarted", "server":"GENERAL0100002G"}}
{"logTime": "0310/160617", "correlationVector":"k9s5Z/srZM5Jcjo99KS/pa.2","action":"Commit Response", "result":"SYNCER_OK", "context":Result: SYNCER_OK. cV=k9s5Z/srZM5Jcjo99KS/pa.0;server=GENERAL0100002G;cloudType=Consumer;environment=Prod_WestEurope_x00e;migrationStage=NotStarted}
{"logTime": "0310/160617", "correlationVector":"k9s5Z/srZM5Jcjo99KS/pa.3","action":"Commit.Sessions", "result":"Success", "context":{"id":"a5c97d78-d404-4c9d-beae-f9dd070bca2e", "isDeleted":"true", "size":"0", "version":"1710086742007"}}
{"logTime": "0310/160635", "correlationVector":"WG9bk799Wt9shzJLybgST7","action":"Commit Request", "result":"", "context":Item count: 1
Contributing types: Sessions}
{"logTime": "0310/160706", "correlationVector":"WG9bk799Wt9shzJLybgST7","action":"SyncServerConnectionManagerRequest", "result":"CONNECTION_UNAVAILABLE", "context":{"error_type":"net_error_code", "error_value":"-101"}}
{"logTime": "0310/160706", "correlationVector":"WIWB/BTge6jUa+21pdVu7H.0","action":"Commit Response", "result":"NETWORK_ERROR_TRANSPORT (ERR_CONNECTION_RESET)", "context":Result: NETWORK_ERROR_TRANSPORT (ERR_CONNECTION_RESET). }
{"logTime": "0310/160751", "correlationVector":"0dM8aEbCM50xWKyg6pf9hh","action":"Commit Request", "result":"", "context":Item count: 1
Contributing types: Sessions}
{"logTime": "0310/160811", "correlationVector":"0dM8aEbCM50xWKyg6pf9hh","action":"SyncServerConnectionManagerRequest", "result":"CONNECTION_UNAVAILABLE", "context":{"error_type":"net_error_code", "error_value":"-101"}}
{"logTime": "0310/160811", "correlationVector":"Q3oFsCJswYKfVt38cLMIjc.0","action":"Commit Response", "result":"NETWORK_ERROR_TRANSPORT (ERR_CONNECTION_RESET)", "context":Result: NETWORK_ERROR_TRANSPORT (ERR_CONNECTION_RESET). }
{"logTime": "0310/160948", "correlationVector":"QFxisNhYRYWZxkd3a4hMI4.1","action":"SyncServerConnectionManagerRequest", "result":"SYNC_SERVER_OK", "context":{"environment":"Prod_WestEurope_x00e", "migrationStage":"NotStarted", "server":"GENERAL0100001Q"}}
{"logTime": "0310/160948", "correlationVector":"QFxisNhYRYWZxkd3a4hMI4","action":"Initial GetUpdates", "result":"", "context":Reason: NEW_CLIENT. cV=QFxisNhYRYWZxkd3a4hMI4}
{"logTime": "0310/160948", "correlationVector":"QFxisNhYRYWZxkd3a4hMI4.2","action":"GetUpdates Response", "result":"SYNCER_OK", "context":Received 1 update(s). cV=QFxisNhYRYWZxkd3a4hMI4.0;server=GENERAL0100001Q;cloudType=Consumer;environment=Prod_WestEurope_x00e;migrationStage=NotStarted}
{"logTime": "0310/160948", "correlationVector":"tXmKOieJ53Eaz1s9vp5ti+","action":"Initial GetUpdates", "result":"", "context":Reason: NEWLY_SUPPORTED_DATATYPE. cV=tXmKOieJ53Eaz1s9vp5ti+}
{"logTime": "0310/160948", "correlationVector":"tXmKOieJ53Eaz1s9vp5ti+.1","action":"SyncServerConnectionManagerRequest", "result":"SYNC_SERVER_OK", "context":{"environment":"Prod_WestEurope_x00e", "migrationStage":"NotStarted", "server":"GENERAL0100001O"}}
{"logTime": "0310/160948", "correlationVector":"tXmKOieJ53Eaz1s9vp5ti+.2","action":"GetUpdates", "result":"DeleteReceived", "context":{"id":"6ad303bf-9e94-497c-b6f6-2abe7e5685bd", "isDeleted:":"true", "version":"1695070826859"}}
{"logTime": "0310/160948", "correlationVector":"tXmKOieJ53Eaz1s9vp5ti+.3","action":"GetUpdates Response", "result":"SYNCER_OK", "context":Received 81 update(s). cV=tXmKOieJ53Eaz1s9vp5ti+.0;server=GENERAL0100001O;cloudType=Consumer;environment=Prod_WestEurope_x00e;migrationStage=NotStarted}
{"logTime": "0310/160948", "correlationVector":"GwpaphzAPzG6uj98G287Yq","action":"Normal GetUpdate request", "result":"", "context":cV=GwpaphzAPzG6uj98G287Yq
Nudged types: Sessions
Refresh requested types: Bookmarks, Preferences, Passwords, Autofill Profiles, Autofill, Typed URLs, Extensions, Sessions, Extension settings, History Delete Directives, Device Info, User Consents, Send Tab To Self, Web Apps, Collection, Edge E Drop, Edge Hub App Usage, Edge Wallet, Encryption Keys}
{"logTime": "0310/160948", "correlationVector":"GwpaphzAPzG6uj98G287Yq.1","action":"SyncServerConnectionManagerRequest", "result":"SYNC_SERVER_OK", "context":{"environment":"Prod_WestEurope_x00e", "migrationStage":"NotStarted", "server":"GENERAL0200002D"}}
{"logTime": "0310/160948", "correlationVector":"GwpaphzAPzG6uj98G287Yq.2","action":"GetUpdates", "result":"DeleteReceived", "context":{"id":"a5c97d78-d404-4c9d-beae-f9dd070bca2e", "isDeleted:":"true", "version":"1710086775264"}}
{"logTime": "0310/160948", "correlationVector":"GwpaphzAPzG6uj98G287Yq.3","action":"GetUpdates Response", "result":"SYNCER_OK", "context":Received 2 update(s). cV=GwpaphzAPzG6uj98G287Yq.0;server=GENERAL0200002D;cloudType=Consumer;environment=Prod_WestEurope_x00e;migrationStage=NotStarted}
{"logTime": "0310/160948", "correlationVector":"atrOyfgIMtUlO21gsa4cIR","action":"Commit Request", "result":"", "context":Item count: 3
Contributing types: Sessions}
{"logTime": "0310/160948", "correlationVector":"atrOyfgIMtUlO21gsa4cIR.1","action":"SyncServerConnectionManagerRequest", "result":"SYNC_SERVER_OK", "context":{"environment":"Prod_WestEurope_x00e", "migrationStage":"NotStarted", "server":"GENERAL0100001G"}}
{"logTime": "0310/160948", "correlationVector":"atrOyfgIMtUlO21gsa4cIR.2","action":"Commit Response", "result":"SYNCER_OK", "context":Result: SYNCER_OK. cV=atrOyfgIMtUlO21gsa4cIR.0;server=GENERAL0100001G;cloudType=Consumer;environment=Prod_WestEurope_x00e;migrationStage=NotStarted}
{"logTime": "0310/161012", "correlationVector":"ZGsv0u58D5T5b152MGmQ1N","action":"SyncServerConnectionManagerRequest", "result":"SYNC_SERVER_OK", "context":{"environment":"", "migrationStage":"", "server":""}}
{"logTime": "0310/161012", "correlationVector":"F8Km/yax/Wi+oqFYSfUppI","action":"Normal GetUpdate request", "result":"", "context":cV=F8Km/yax/Wi+oqFYSfUppI
Nudged types: Preferences, Sessions}
{"logTime": "0310/161017", "correlationVector":"F8Km/yax/Wi+oqFYSfUppI.1","action":"SyncServerConnectionManagerRequest", "result":"SYNC_SERVER_OK", "context":{"environment":"Prod_WestEurope_x00e", "migrationStage":"NotStarted", "server":"GENERAL0100001L"}}
{"logTime": "0310/161017", "correlationVector":"F8Km/yax/Wi+oqFYSfUppI.2","action":"GetUpdates Response", "result":"SYNCER_OK", "context":Received 3 update(s). cV=F8Km/yax/Wi+oqFYSfUppI.0;server=GENERAL0100001L;cloudType=Consumer;environment=Prod_WestEurope_x00e;migrationStage=NotStarted}
{"logTime": "0310/161017", "correlationVector":"QdaDJ9iLOYnqbr3nQv0fl0","action":"Commit Request", "result":"", "context":Item count: 4
Contributing types: Preferences, Passwords, Sessions}
{"logTime": "0310/161018", "correlationVector":"QdaDJ9iLOYnqbr3nQv0fl0.1","action":"SyncServerConnectionManagerRequest", "result":"SYNC_SERVER_OK", "context":{"environment":"Prod_WestEurope_x00e", "migrationStage":"NotStarted", "server":"GENERAL02000016"}}
{"logTime": "0310/161018", "correlationVector":"QdaDJ9iLOYnqbr3nQv0fl0.2","action":"Commit Response", "result":"SYNCER_OK", "context":Result: SYNCER_OK. cV=QdaDJ9iLOYnqbr3nQv0fl0.0;server=GENERAL02000016;cloudType=Consumer;environment=Prod_WestEurope_x00e;migrationStage=NotStarted}
{"logTime": "0310/161018", "correlationVector":"QdaDJ9iLOYnqbr3nQv0fl0.3","action":"Commit.Sessions", "result":"Success", "context":{"id":"aa021ab8-61f3-47c3-bd38-4bd59f88af29", "isDeleted":"true", "size":"0", "version":"1710086985963"}}
{"logTime": "0310/161018", "correlationVector":"knWPRZOZMNATT83vqbpVly","action":"Normal GetUpdate request", "result":"", "context":cV=knWPRZOZMNATT83vqbpVly
Nudged types: Preferences, Passwords, Sessions
Refresh requested types: Bookmarks, Preferences, Passwords, Autofill Profiles, Autofill, Typed URLs, Extensions, Sessions, Extension settings, History Delete Directives, Device Info, User Consents, Send Tab To Self, Web Apps, Collection, Edge E Drop, Edge Hub App Usage, Edge Wallet, Encryption Keys}
{"logTime": "0310/161018", "correlationVector":"knWPRZOZMNATT83vqbpVly.1","action":"SyncServerConnectionManagerRequest", "result":"SYNC_SERVER_OK", "context":{"environment":"Prod_WestEurope_x00e", "migrationStage":"NotStarted", "server":"GENERAL0100001L"}}
{"logTime": "0310/161018", "correlationVector":"knWPRZOZMNATT83vqbpVly.2","action":"GetUpdates", "result":"DeleteReceived", "context":{"id":"aa021ab8-61f3-47c3-bd38-4bd59f88af29", "isDeleted:":"true", "version":"1710087016624"}}
{"logTime": "0310/161018", "correlationVector":"knWPRZOZMNATT83vqbpVly.3","action":"GetUpdates Response", "result":"SYNCER_OK", "context":Received 4 update(s). cV=knWPRZOZMNATT83vqbpVly.0;server=GENERAL0100001L;cloudType=Consumer;environment=Prod_WestEurope_x00e;migrationStage=NotStarted}
{"logTime": "0310/161112", "correlationVector":"5+xqXIGkVmZbHaG7HnKEgx","action":"Commit Request", "result":"", "context":Item count: 1
Contributing types: Sessions}
{"logTime": "0310/161210", "correlationVector":"q/Or2viEUNZ3aeBiDZ1+TA","action":"SyncServerConnectionManagerRequest", "result":"CONNECTION_UNAVAILABLE", "context":{"error_type":"net_error_code", "error_value":"-101"}}
{"logTime": "0310/161326", "correlationVector":"7PBCOVtO72xqxUJG3+Ed4E.1","action":"SyncServerConnectionManagerRequest", "result":"SYNC_SERVER_OK", "context":{"environment":"", "migrationStage":"", "server":""}}
{"logTime": "0310/161345", "correlationVector":"OjOhkZO+YpKbrXvqAMP8zp","action":"SyncServerConnectionManagerRequest", "result":"CONNECTION_UNAVAILABLE", "context":{"error_type":"net_error_code", "error_value":"-101"}}
{"logTime": "0310/161557", "correlationVector":"lMF4LXk9zgc/GzM0fV6wBZ","action":"SyncServerConnectionManagerRequest", "result":"CONNECTION_UNAVAILABLE", "context":{"error_type":"net_error_code", "error_value":"-101"}}
{"logTime": "0310/161906", "correlationVector":"s5fmC9GYqKnqx0AAzRWhkI","action":"SyncServerConnectionManagerRequest", "result":"CONNECTION_UNAVAILABLE", "context":{"error_type":"net_error_code", "error_value":"-101"}}
